<?xml version="1.0" encoding="UTF-8"?>
<testsuite xmlns:xsi="http://www.w3.org/2001/XMLSchema-instance" xsi:noNamespaceSchemaLocation="https://maven.apache.org/surefire/maven-surefire-plugin/xsd/surefire-test-report-3.0.xsd" version="3.0" name="StatsCalculatorTest" time="0.098" tests="5" errors="0" skipped="0" failures="0">
  <properties>
    <property name="netbeans.deploy" value="true"/>
    <property name="java.specification.version" value="15"/>
    <property name="sun.cpu.isalist" value="amd64"/>
    <property name="sun.jnu.encoding" value="Cp1251"/>
    <property name="java.class.path" value="D:\Frameworks\Lab1\Lab1_maven\target\test-classes;D:\Frameworks\Lab1\Lab1_maven\target\classes;C:\Users\Владислав\.m2\repository\javax\javaee-web-api\7.0\javaee-web-api-7.0.jar;C:\Users\Владислав\.m2\repository\jstl\jstl\1.2\jstl-1.2.jar;C:\Users\Владислав\.m2\repository\org\junit\jupiter\junit-jupiter-api\5.7.0\junit-jupiter-api-5.7.0.jar;C:\Users\Владислав\.m2\repository\org\apiguardian\apiguardian-api\1.1.0\apiguardian-api-1.1.0.jar;C:\Users\Владислав\.m2\repository\org\opentest4j\opentest4j\1.2.0\opentest4j-1.2.0.jar;C:\Users\Владислав\.m2\repository\org\junit\platform\junit-platform-commons\1.7.0\junit-platform-commons-1.7.0.jar;C:\Users\Владислав\.m2\repository\org\springframework\spring-webmvc\4.3.9.RELEASE\spring-webmvc-4.3.9.RELEASE.jar;C:\Users\Владислав\.m2\repository\org\springframework\spring-aop\4.3.9.RELEASE\spring-aop-4.3.9.RELEASE.jar;C:\Users\Владислав\.m2\repository\org\springframework\spring-beans\4.3.9.RELEASE\spring-beans-4.3.9.RELEASE.jar;C:\Users\Владислав\.m2\repository\org\springframework\spring-context\4.3.9.RELEASE\spring-context-4.3.9.RELEASE.jar;C:\Users\Владислав\.m2\repository\org\springframework\spring-core\4.3.9.RELEASE\spring-core-4.3.9.RELEASE.jar;C:\Users\Владислав\.m2\repository\commons-logging\commons-logging\1.2\commons-logging-1.2.jar;C:\Users\Владислав\.m2\repository\org\springframework\spring-expression\4.3.9.RELEASE\spring-expression-4.3.9.RELEASE.jar;C:\Users\Владислав\.m2\repository\org\springframework\spring-web\4.3.9.RELEASE\spring-web-4.3.9.RELEASE.jar;"/>
    <property name="java.vm.vendor" value="Oracle Corporation"/>
    <property name="sun.arch.data.model" value="64"/>
    <property name="user.variant" value=""/>
    <property name="exec.appArgs" value=""/>
    <property name="java.vendor.url" value="https://java.oracle.com/"/>
    <property name="user.timezone" value="Europe/Kiev"/>
    <property name="os.name" value="Windows 10"/>
    <property name="java.vm.specification.version" value="15"/>
    <property name="user.country" value="RU"/>
    <property name="sun.java.launcher" value="SUN_STANDARD"/>
    <property name="sun.boot.library.path" value="C:\Program Files (x86)\Java\jdk-15.0.2\bin"/>
    <property name="sun.java.command" value="C:\Users\Владислав\AppData\Local\Temp\surefire6937149863352219789\surefirebooter7286030963612195532.jar C:\Users\Владислав\AppData\Local\Temp\surefire6937149863352219789 2022-12-28T19-10-15_267-jvmRun1 surefire15395643096671057525tmp surefire_03299564744788094573tmp"/>
    <property name="jdk.debug" value="release"/>
    <property name="exec.vmArgs" value=""/>
    <property name="surefire.test.class.path" value="D:\Frameworks\Lab1\Lab1_maven\target\test-classes;D:\Frameworks\Lab1\Lab1_maven\target\classes;C:\Users\Владислав\.m2\repository\javax\javaee-web-api\7.0\javaee-web-api-7.0.jar;C:\Users\Владислав\.m2\repository\jstl\jstl\1.2\jstl-1.2.jar;C:\Users\Владислав\.m2\repository\org\junit\jupiter\junit-jupiter-api\5.7.0\junit-jupiter-api-5.7.0.jar;C:\Users\Владислав\.m2\repository\org\apiguardian\apiguardian-api\1.1.0\apiguardian-api-1.1.0.jar;C:\Users\Владислав\.m2\repository\org\opentest4j\opentest4j\1.2.0\opentest4j-1.2.0.jar;C:\Users\Владислав\.m2\repository\org\junit\platform\junit-platform-commons\1.7.0\junit-platform-commons-1.7.0.jar;C:\Users\Владислав\.m2\repository\org\springframework\spring-webmvc\4.3.9.RELEASE\spring-webmvc-4.3.9.RELEASE.jar;C:\Users\Владислав\.m2\repository\org\springframework\spring-aop\4.3.9.RELEASE\spring-aop-4.3.9.RELEASE.jar;C:\Users\Владислав\.m2\repository\org\springframework\spring-beans\4.3.9.RELEASE\spring-beans-4.3.9.RELEASE.jar;C:\Users\Владислав\.m2\repository\org\springframework\spring-context\4.3.9.RELEASE\spring-context-4.3.9.RELEASE.jar;C:\Users\Владислав\.m2\repository\org\springframework\spring-core\4.3.9.RELEASE\spring-core-4.3.9.RELEASE.jar;C:\Users\Владислав\.m2\repository\commons-logging\commons-logging\1.2\commons-logging-1.2.jar;C:\Users\Владислав\.m2\repository\org\springframework\spring-expression\4.3.9.RELEASE\spring-expression-4.3.9.RELEASE.jar;C:\Users\Владислав\.m2\repository\org\springframework\spring-web\4.3.9.RELEASE\spring-web-4.3.9.RELEASE.jar;"/>
    <property name="sun.cpu.endian" value="little"/>
    <property name="user.home" value="C:\Users\Владислав"/>
    <property name="user.language" value="ru"/>
    <property name="java.specification.vendor" value="Oracle Corporation"/>
    <property name="java.version.date" value="2021-01-19"/>
    <property name="java.home" value="C:\Program Files (x86)\Java\jdk-15.0.2"/>
    <property name="file.separator" value="\"/>
    <property name="basedir" value="D:\Frameworks\Lab1\Lab1_maven"/>
    <property name="java.vm.compressedOopsMode" value="32-bit"/>
    <property name="line.separator" value="&#10;"/>
    <property name="java.vm.specification.vendor" value="Oracle Corporation"/>
    <property name="java.specification.name" value="Java Platform API Specification"/>
    <property name="surefire.real.class.path" value="C:\Users\Владислав\AppData\Local\Temp\surefire6937149863352219789\surefirebooter7286030963612195532.jar"/>
    <property name="user.script" value=""/>
    <property name="sun.management.compiler" value="HotSpot 64-Bit Tiered Compilers"/>
    <property name="java.runtime.version" value="15.0.2+7-27"/>
    <property name="user.name" value="Vladyslav"/>
    <property name="path.separator" value=";"/>
    <property name="os.version" value="10.0"/>
    <property name="java.runtime.name" value="Java(TM) SE Runtime Environment"/>
    <property name="file.encoding" value="UTF-8"/>
    <property name="java.vm.name" value="Java HotSpot(TM) 64-Bit Server VM"/>
    <property name="maven.ext.class.path" value="C:\Program Files\NetBeans-16\netbeans\java\maven-nblib\netbeans-eventspy.jar"/>
    <property name="localRepository" value="C:\Users\Владислав\.m2\repository"/>
    <property name="java.vendor.url.bug" value="https://bugreport.java.com/bugreport/"/>
    <property name="java.io.tmpdir" value="C:\Users\4918~1\AppData\Local\Temp\"/>
    <property name="java.version" value="15.0.2"/>
    <property name="user.dir" value="D:\Frameworks\Lab1\Lab1_maven"/>
    <property name="os.arch" value="amd64"/>
    <property name="java.vm.specification.name" value="Java Virtual Machine Specification"/>
    <property name="sun.os.patch.level" value=""/>
    <property name="java.library.path" value="C:\Program Files (x86)\Java\jdk-15.0.2\bin;C:\WINDOWS\Sun\Java\bin;C:\WINDOWS\system32;C:\WINDOWS;C:\Python311\Scripts\;C:\Python311\;C:\Program Files\Eclipse Foundation\jdk-8.0.302.8-hotspot\bin;C:\Program Files (x86)\Java\jdk-15.0.2\bin;C:\Program Files\Common Files\Oracle\Java\javapath;C:\Program Files (x86)\Common Files\Oracle\Java\javapath;C:\Program Files (x86)\Intel\Intel(R) Management Engine Components\iCLS\;C:\Program Files\Intel\Intel(R) Management Engine Components\iCLS\;C:\WINDOWS\system32;C:\WINDOWS;C:\WINDOWS\System32\Wbem;C:\WINDOWS\System32\WindowsPowerShell\v1.0\;C:\Program Files (x86)\Intel\Intel(R) Management Engine Components\DAL;C:\Program Files\Intel\Intel(R) Management Engine Components\DAL;C:\Program Files (x86)\Intel\Intel(R) Management Engine Components\IPT;C:\Program Files\Intel\Intel(R) Management Engine Components\IPT;C:\WINDOWS\System32\OpenSSH\;C:\Program Files\Microsoft SQL Server\130\Tools\Binn\;C:\Program Files (x86)\Microsoft SQL Server\100\Tools\Binn\;C:\Program Files\Microsoft SQL Server\100\Tools\Binn\;C:\Program Files\Microsoft SQL Server\100\DTS\Binn\;C:\Program Files\Azure Data Studio\bin;C:\Program Files\Git\cmd;D:\apache-maven-3.8.1-bin\apache-maven-3.8.1\bin;D:\MATLAB\R2016b\runtime\win64;D:\MATLAB\R2016b\bin;D:\MATLAB\R2016b\polyspace\bin;C:\Program Files\Microsoft SQL Server\Client SDK\ODBC\170\Tools\Binn\;C:\Program Files (x86)\Microsoft SQL Server\150\Tools\Binn\;C:\Program Files\Microsoft SQL Server\150\Tools\Binn\;C:\Program Files\Microsoft SQL Server\150\DTS\Binn\;C:\Program Files (x86)\Microsoft SQL Server\150\DTS\Binn\;C:\Program Files\Docker\Docker\resources\bin;C:\ProgramData\DockerDesktop\version-bin;C:\Program Files\dotnet\;C:\Program Files (x86)\Microsoft SQL Server\110\DTS\Binn\;C:\Program Files (x86)\Microsoft SQL Server\120\DTS\Binn\;C:\Program Files (x86)\Microsoft SQL Server\130\DTS\Binn\;C:\Program Files (x86)\Microsoft SQL Server\140\DTS\Binn\;C:\Program Files (x86)\Microsoft SQL Server\160\DTS\Binn\;C:\Program Files\nodejs\;C:\ProgramData\chocolatey\bin;C:\Users\Владислав\AppData\Local\Programs\Python\Python310\Scripts\;C:\Users\Владислав\AppData\Local\Programs\Python\Python310\;C:\Users\Владислав\AppData\Local\Microsoft\WindowsApps;D:\Microsoft VS Code\bin;C:\Program Files\JetBrains\IntelliJ IDEA Community Edition 2022.2.3\bin;;C:\Program Files\Azure Data Studio\bin;C:\Program Files\JetBrains\IntelliJ IDEA 2021.1.1\bin;;D:\PyCharm\PyCharm Community Edition 2022.1\bin;;C:\Users\Владислав\.dotnet\tools;C:\Users\Владислав\AppData\Roaming\npm;D:\apache-maven-3.8.1-bin\apache-maven-3.8.1\bin;;."/>
    <property name="java.vm.info" value="mixed mode, sharing"/>
    <property name="java.vendor" value="Oracle Corporation"/>
    <property name="java.vm.version" value="15.0.2+7-27"/>
    <property name="sun.io.unicode.encoding" value="UnicodeLittle"/>
    <property name="java.class.version" value="59.0"/>
  </properties>
  <testcase name="calculatePopularDomainTest" classname="StatsCalculatorTest" time="0.037"/>
  <testcase name="patternMatchesTest" classname="StatsCalculatorTest" time="0.002"/>
  <testcase name="getEmailDomainTest" classname="StatsCalculatorTest" time="0.003"/>
  <testcase name="whenExceptionThrown_thenExpectationSatisfied" classname="StatsCalculatorTest" time="0.004"/>
  <testcase name="calculateMeanAgeTest" classname="StatsCalculatorTest" time="0.001"/>
</testsuite>